I, [14-51-12-373#29045]  INFO -- : Cook version: 2.0.7
I, [14-51-12-373#29045]  INFO -- : Adding global cookbook /home/stg/.cookbook
I, [14-51-12-373#29045]  INFO -- : Loading cookbook: [/home/stg/.cookbook]
I, [14-51-12-374#29045]  INFO -- : loading configuration file [/home/stg/.cookbook/cookbook.conf]
  in /home/stg/ExpositionGit/papers/0Foundations/ordinalArithmetic
I, [14-51-12-375#29045]  INFO -- : Building in /home/stg/ExpositionGit/papers/0Foundations/ordinalArithmetic
I, [14-51-12-375#29045]  INFO -- : Loading cookbook: [/home/stg/ExpositionGit/papers/0Foundations/ordinalArithmetic]
I, [14-51-12-375#29045]  INFO -- : loading configuration file [/home/stg/ExpositionGit/papers/0Foundations/ordinalArithmetic/cookbook.conf]
  in /home/stg/ExpositionGit/papers/0Foundations/ordinalArithmetic
I, [14-51-12-376#29045]  INFO -- : Loading rakefile [/home/stg/ExpositionGit/papers/0Foundations/ordinalArithmetic/cookbook.rake]
  in /home/stg/ExpositionGit/papers/0Foundations/ordinalArithmetic
I, [14-51-12-376#29045]  INFO -- : Loading cookbook: [/home/stg/ExpositionGit/tools/diSimplexLaTeX/cookbook]
I, [14-51-12-376#29045]  INFO -- : loading configuration file [/home/stg/ExpositionGit/tools/diSimplexLaTeX/cookbook/cookbook.conf]
  in /home/stg/ExpositionGit/papers/0Foundations/ordinalArithmetic
I, [14-51-12-376#29045]  INFO -- : Loading rakefile [/home/stg/ExpositionGit/tools/diSimplexLaTeX/cookbook/cookbook.rake]
  in /home/stg/ExpositionGit/papers/0Foundations/ordinalArithmetic
I, [14-51-12-377#29045]  INFO -- : loading configuration file [/home/stg/ExpositionGit/tools/diSimplexLaTeX/cookbook/recipes/create/create.conf]
  in /home/stg/ExpositionGit/papers/0Foundations/ordinalArithmetic
I, [14-51-12-377#29045]  INFO -- : Loading rakefile [/home/stg/ExpositionGit/tools/diSimplexLaTeX/cookbook/recipes/create/create.rake]
  in /home/stg/ExpositionGit/papers/0Foundations/ordinalArithmetic
I, [14-51-12-378#29045]  INFO -- : Loading rakefile [/home/stg/ExpositionGit/tools/diSimplexLaTeX/cookbook/recipes/texStyles/texStyles.rake]
  in /home/stg/ExpositionGit/papers/0Foundations/ordinalArithmetic
