I, [14-42-22-192#28850]  INFO -- : Cook version: 2.0.7
I, [14-42-22-192#28850]  INFO -- : Adding global cookbook /home/stg/.cookbook
I, [14-42-22-192#28850]  INFO -- : Loading cookbook: [/home/stg/.cookbook]
I, [14-42-22-192#28850]  INFO -- : loading configuration file [/home/stg/.cookbook/cookbook.conf]
  in /home/stg/ExpositionGit/papers/0Foundations/ordinalArithmetic
I, [14-42-22-194#28850]  INFO -- : Building in /home/stg/ExpositionGit/papers/0Foundations/ordinalArithmetic
I, [14-42-22-194#28850]  INFO -- : Loading cookbook: [/home/stg/ExpositionGit/papers/0Foundations/ordinalArithmetic]
I, [14-42-22-194#28850]  INFO -- : loading configuration file [/home/stg/ExpositionGit/papers/0Foundations/ordinalArithmetic/cookbook.conf]
  in /home/stg/ExpositionGit/papers/0Foundations/ordinalArithmetic
I, [14-42-22-194#28850]  INFO -- : Loading rakefile [/home/stg/ExpositionGit/papers/0Foundations/ordinalArithmetic/cookbook.rake]
  in /home/stg/ExpositionGit/papers/0Foundations/ordinalArithmetic
I, [14-42-22-195#28850]  INFO -- : Loading cookbook: [/home/stg/ExpositionGit/tools/diSimplexLaTeX/cookbook]
I, [14-42-22-195#28850]  INFO -- : loading configuration file [/home/stg/ExpositionGit/tools/diSimplexLaTeX/cookbook/cookbook.conf]
  in /home/stg/ExpositionGit/papers/0Foundations/ordinalArithmetic
I, [14-42-22-195#28850]  INFO -- : Loading rakefile [/home/stg/ExpositionGit/tools/diSimplexLaTeX/cookbook/cookbook.rake]
  in /home/stg/ExpositionGit/papers/0Foundations/ordinalArithmetic
I, [14-42-22-196#28850]  INFO -- : loading configuration file [/home/stg/ExpositionGit/tools/diSimplexLaTeX/cookbook/recipes/create/create.conf]
  in /home/stg/ExpositionGit/papers/0Foundations/ordinalArithmetic
I, [14-42-22-196#28850]  INFO -- : Loading rakefile [/home/stg/ExpositionGit/tools/diSimplexLaTeX/cookbook/recipes/create/create.rake]
  in /home/stg/ExpositionGit/papers/0Foundations/ordinalArithmetic
I, [14-42-22-197#28850]  INFO -- : Loading rakefile [/home/stg/ExpositionGit/tools/diSimplexLaTeX/cookbook/recipes/texStyles/texStyles.rake]
  in /home/stg/ExpositionGit/papers/0Foundations/ordinalArithmetic
