I, [12-26-38-348#22537]  INFO -- : Cook version: 2.0.7
I, [12-26-38-348#22537]  INFO -- : Adding global cookbook /home/stg/.cookbook
I, [12-26-38-348#22537]  INFO -- : Loading cookbook: [/home/stg/.cookbook]
I, [12-26-38-348#22537]  INFO -- : loading configuration file [/home/stg/.cookbook/cookbook.conf]
  in /home/stg/ExpositionGit/papers/0Foundations/cardinals
I, [12-26-38-350#22537]  INFO -- : Building in /home/stg/ExpositionGit/papers/0Foundations/cardinals
I, [12-26-38-350#22537]  INFO -- : Loading cookbook: [/home/stg/ExpositionGit/papers/0Foundations/cardinals]
I, [12-26-38-350#22537]  INFO -- : loading configuration file [/home/stg/ExpositionGit/papers/0Foundations/cardinals/cookbook.conf]
  in /home/stg/ExpositionGit/papers/0Foundations/cardinals
I, [12-26-38-350#22537]  INFO -- : Loading rakefile [/home/stg/ExpositionGit/papers/0Foundations/cardinals/cookbook.rake]
  in /home/stg/ExpositionGit/papers/0Foundations/cardinals
I, [12-26-38-351#22537]  INFO -- : Loading cookbook: [/home/stg/ExpositionGit/tools/diSimplexLaTeX/cookbook]
I, [12-26-38-351#22537]  INFO -- : loading configuration file [/home/stg/ExpositionGit/tools/diSimplexLaTeX/cookbook/cookbook.conf]
  in /home/stg/ExpositionGit/papers/0Foundations/cardinals
I, [12-26-38-351#22537]  INFO -- : Loading rakefile [/home/stg/ExpositionGit/tools/diSimplexLaTeX/cookbook/cookbook.rake]
  in /home/stg/ExpositionGit/papers/0Foundations/cardinals
I, [12-26-38-352#22537]  INFO -- : loading configuration file [/home/stg/ExpositionGit/tools/diSimplexLaTeX/cookbook/recipes/create/create.conf]
  in /home/stg/ExpositionGit/papers/0Foundations/cardinals
I, [12-26-38-352#22537]  INFO -- : Loading rakefile [/home/stg/ExpositionGit/tools/diSimplexLaTeX/cookbook/recipes/create/create.rake]
  in /home/stg/ExpositionGit/papers/0Foundations/cardinals
I, [12-26-38-353#22537]  INFO -- : Loading rakefile [/home/stg/ExpositionGit/tools/diSimplexLaTeX/cookbook/recipes/texStyles/texStyles.rake]
  in /home/stg/ExpositionGit/papers/0Foundations/cardinals
I, [12-26-38-354#22537]  INFO -- : loading configuration file [/home/stg/ExpositionGit/tools/diSimplexLaTeX/cookbook/recipes/texFonts/texFonts.conf]
  in /home/stg/ExpositionGit/papers/0Foundations/cardinals
I, [12-26-38-355#22537]  INFO -- : Loading rakefile [/home/stg/ExpositionGit/tools/diSimplexLaTeX/cookbook/recipes/texFonts/texFonts.rake]
  in /home/stg/ExpositionGit/papers/0Foundations/cardinals
I, [12-26-38-355#22537]  INFO -- : loading configuration file [/home/stg/ExpositionGit/tools/diSimplexLaTeX/cookbook/documentTypes/article.conf]
  in /home/stg/ExpositionGit/papers/0Foundations/cardinals
I, [12-26-38-356#22537]  INFO -- : ** Invoke cookPreConfig (first_time)
I, [12-26-38-356#22537]  INFO -- : ** Execute cookPreConfig
I, [12-26-38-356#22537]  INFO -- : finished (cook) preConfig stage


I, [12-26-38-356#22537]  INFO -- : ** Invoke cookConfig (first_time)
I, [12-26-38-356#22537]  INFO -- : ** Invoke create:config (first_time)
I, [12-26-38-356#22537]  INFO -- : ** Execute create:config
I, [12-26-38-356#22537]  INFO -- : ** Execute cookConfig
I, [12-26-38-356#22537]  INFO -- : finished (cook) config stage


I, [12-26-38-356#22537]  INFO -- : ** Invoke cookPostConfig (first_time)
I, [12-26-38-356#22537]  INFO -- : ** Execute cookPostConfig
I, [12-26-38-356#22537]  INFO -- : finished (cook) postConfig stage


I, [12-26-38-356#22537]  INFO -- : --------------------
Tasks defined


I, [12-26-38-357#22537]  INFO -- : [<Rake::FileTask .git/hooks/latex-git-log => []>,
 <Rake::FileTask .git/hooks/post-checkout => []>,
 <Rake::FileTask .git/hooks/post-commit => []>,
 <Rake::FileTask .git/hooks/post-merge => []>,
 <Rake::FileTask .gitignore => []>,
 <Rake::FileTask .gitignore.d/font-gitignore => []>,
 <Rake::FileTask .gitignore.d/git-gitignore => []>,
 <Rake::FileTask .gitignore.d/java-gitignore => []>,
 <Rake::FileTask .gitignore.d/latex-gitignore => []>,
 <Rake::FileTask .gitignore.d/scala-gitignore => []>,
 <Rake::Task buildFonts => [texFonts:buildFonts]>,
 <Rake::Task cleanFonts => [texFonts:cleanFonts]>,
 <Rake::Task cleanHooks => [create:cleanHooks]>,
 <Rake::Task cookConfig => [create:config]>,
 <Rake::Task cookPostConfig => []>,
 <Rake::Task cookPreConfig => []>,
 <Rake::Task create => [create:default]>,
 <Rake::Task create:cleanHooks => []>,
 <Rake::Task create:config => []>,
 <Rake::Task create:default => [.gitignore, .git/hooks/post-commit, .git/hooks/post-checkout, .git/hooks/post-merge, .git/hooks/latex-git-log, .gitignore.d/git-gitignore, .gitignore.d/java-gitignore, .gitignore.d/latex-gitignore, .gitignore.d/scala-gitignore, .gitignore.d/font-gitignore, tex/frontMatter.tex, tex/options.tex, tex/cardinals.tex]>,
 <Rake::Task packageFonts => [texFonts:packageFonts]>,
 <Rake::FileTask tex/cardinals.tex => []>,
 <Rake::FileTask tex/frontMatter.tex => []>,
 <Rake::FileTask tex/options.tex => []>,
 <Rake::Task texFonts:buildFonts => [cleanFonts]>,
 <Rake::Task texFonts:cleanFonts => []>,
 <Rake::Task texFonts:packageFiles => [buildFonts]>,
 <Rake::Task texFonts:packageFonts => [packageFiles]>,
 <Rake::Task texStyle => [texStyles:default]>,
 <Rake::FileTask texStyle/cardinals-test.lgout => [texStyle/cardinals-test.tex]>,
 <Rake::FileTask texStyle/cardinals-test.tex => [texStyle/cardinals.dtx, texStyle/cardinals.ins]>,
 <Rake::FileTask texStyle/cardinals.cwl => [texStyle/cardinals.dtx]>,
 <Rake::FileTask texStyle/cardinals.pdf => [texStyle/cardinals.dtx, texStyle/cardinals.sty]>,
 <Rake::FileTask texStyle/cardinals.sty => [texStyle/cardinals.dtx, texStyle/cardinals.ins]>,
 <Rake::Task texStyleDoc => [texStyles:tsdoc]>,
 <Rake::Task texStyleTest => [texStyles:tstest]>,
 <Rake::Task texStyles:default => [finalClean]>,
 <Rake::Task texStyles:finalClean => [localRelease]>,
 <Rake::Task texStyles:globalReleases => [initialClean]>,
 <Rake::Task texStyles:initialClean => [texStyle/cardinals.pdf, texStyle/cardinals.sty, texStyle/cardinals.cwl, texStyle/cardinals-test.lgout]>,
 <Rake::Task texStyles:localRelease => [globalReleases]>,
 <Rake::Task texStyles:tsdoc => [texStyle/cardinals.pdf]>,
 <Rake::Task texStyles:tstest => [texStyle/cardinals-test.lgout]>,
 <Rake::Task ts => [texStyle]>,
 <Rake::Task tsd => [texStyleDoc]>,
 <Rake::Task tst => [texStyleTest]>]

I, [12-26-38-358#22537]  INFO -- : --------------------
Configuration data


I, [12-26-38-359#22537]  INFO -- : Conf.cookbook.create.templatePath="/home/stg/ExpositionGit/tools/diSimplexLaTeX/cookbook/recipes/create/templates/"
Conf.cookbook.dirName="/home/stg/ExpositionGit/tools/diSimplexLaTeX/cookbook"
Conf.global.diSimplex.cookbook="/home/stg/ExpositionGit/tools/diSimplexLaTeX/cookbook"
Conf.global.diSimplex.release.draft.gitHubPages="/home/stg/ExpositionGit/stephenGaitoGitHubPages"
Conf.global.diSimplex.release.full.gitHubPages="/home/stg/ExpositionGit/diSimplexGitHubPages"
Conf.global.stephenGaito.gitHubPages="/home/stg/ExpositionGit/stephenGaitoGitHubPages"
Conf.global.texLive.localDir="/usr/local/texLive/texmf-local"
Conf.global.texStudio.localConfDir="/home/stg/.config/texstudio"
Conf.global.texStyle.localConfDir="/home/stg/.texmf/tex/latex"
Conf.global.userBin="/home/stg/bin"
Conf.gpg=emptyConstruct
Conf.missingKey.global.cookbook.message="The cookbook configuration parameter needs to be set to the location of 
the appropriate cookbook.
"
Conf.missingKey.global.cookbook.valueMessage="where <<value>> is the full path to the approprate cookbook directory.
"
Conf.missingKey.global.message="Global parameters are usually set in the cookbook.conf YAML file 
contained in the .cookbook directory in your home directory.
"
Conf.missingKey.global.userBin.message="The configuration parameter global.userBin should be set to your 
personal user's bin directory.
"
Conf.missingKey.global.userBin.valueMessage="where <<value>> is the path to your personal user's bin directory."
Conf.paper.authors.stg.address="PerceptiSys Ltd, 21 Gregory Ave, Coventry, CV3 6DJ, United Kingdom"
Conf.paper.authors.stg.email="stephen@perceptisys.co.uk"
Conf.paper.authors.stg.name="Stephen Gaito"
Conf.paper.authors.stg.url="http://www.perceptisys.co.uk"
Conf.paper.copyrights[0]="Copyright: \copyright{} Stephen Gaito, PerceptiSys Ltd \the\year{}; Some rights reserved"
Conf.paper.copyrights[1]="This work is licensed under a Creative Commons Attribution-ShareAlike 4.0 International License."
Conf.paper.document.options[0]="a4paper"
Conf.paper.document.packages.disitt[0]="article"
Conf.paper.document.type="amsart"
Conf.paper.fileName="tex/cardinals.tex"
Conf.paper.name="cardinals"
Conf.paper.version="0.0.1"
Conf.rsync.asyncTriggersBlocks[0]=
Conf.rsync.cmdOptions=emptyArray
Conf.rsync.command="rsync"
Conf.rsync.commandPromptRegExp="."
Conf.scp.asyncTriggersBlocks[0]=
Conf.scp.cmdOptions=emptyArray
Conf.scp.command="scp"
Conf.scp.commandPromptRegExp="."
Conf.sh.asyncTriggersBlocks[0]=
Conf.sh.cmdOptions=emptyArray
Conf.sh.command="sh"
Conf.sh.commandPromptRegExp="."
Conf.ssh.asyncTriggersBlocks[0]=
Conf.ssh.cmdOptions=emptyArray
Conf.ssh.command="ssh"
Conf.ssh.commandPromptRegExp="."
Conf.texFont.fontForge.dir="texFont/fontForge"
Conf.texFont.fontForge.fontName="DiSimplexSymbols"
Conf.texFont.fontPaths[0][0]="fonts/afm/local"
Conf.texFont.fontPaths[0][1]="afm"
Conf.texFont.fontPaths[1][0]="fonts/tfm/local"
Conf.texFont.fontPaths[1][1]="tfm"
Conf.texFont.fontPaths[2][0]="fonts/type1/local"
Conf.texFont.fontPaths[2][1]="pfb"
Conf.texFont.fontPaths[3][0]="fonts/map/local"
Conf.texFont.fontPaths[3][1]="map"
Conf.texFont.fontPaths[4][0]="fonts/vf/local"
Conf.texFont.fontPaths[4][1]="vf"
Conf.texFont.fontPaths[5][0]="tex/latex/local"
Conf.texFont.fontPaths[5][1]="fd"
Conf.texFont.texFonts.dir="texFont/texFonts"
Conf.texFont.texFonts.fontName="fsyp"
Conf.texStyle.files[0]="cardinals"
Conf.texStyle.install=false
Conf.texStyle.name="cardinals"
Conf.texStyle.version="0.0.1"

I, [12-26-38-359#22537]  INFO -- : --------------------
Recipe paths


I, [12-26-38-359#22537]  INFO -- : ["/home/stg/.cookbook/",
 "/home/stg/.cookbook/recipes/",
 "/home/stg/ExpositionGit/papers/0Foundations/cardinals/",
 "/home/stg/ExpositionGit/papers/0Foundations/cardinals/recipes/",
 "/home/stg/ExpositionGit/tools/diSimplexLaTeX/cookbook/",
 "/home/stg/ExpositionGit/tools/diSimplexLaTeX/cookbook/recipes/"]

I, [12-26-38-359#22537]  INFO -- : --------------------
Ruby load paths


I, [12-26-38-360#22537]  INFO -- : ["/home/stg/ExpositionGit/tools/diSimplexLaTeX/cookbook/recipes/",
 "/home/stg/ExpositionGit/tools/diSimplexLaTeX/cookbook/",
 "/home/stg/ExpositionGit/tools/diSimplexLaTeX/cookbook/lib",
 "/home/stg/ExpositionGit/papers/0Foundations/cardinals/recipes/",
 "/home/stg/ExpositionGit/papers/0Foundations/cardinals/",
 "/home/stg/ExpositionGit/papers/0Foundations/cardinals/lib",
 "/home/stg/.cookbook/recipes/",
 "/home/stg/.cookbook/",
 "/home/stg/.cookbook/lib",
 "/var/lib/gems/1.9.1/gems/rake-10.3.1/lib",
 "/var/lib/gems/1.9.1/gems/construct-0.1.7/lib",
 "/var/lib/gems/1.9.1/gems/erubis-2.7.0/lib",
 "/var/lib/gems/1.9.1/gems/greenletters-0.3.0/lib",
 "/var/lib/gems/1.9.1/gems/cook-2.0.7/lib",
 "/usr/local/lib/site_ruby/1.9.1",
 "/usr/local/lib/site_ruby/1.9.1/x86_64-linux",
 "/usr/local/lib/site_ruby",
 "/usr/lib/ruby/vendor_ruby/1.9.1",
 "/usr/lib/ruby/vendor_ruby/1.9.1/x86_64-linux",
 "/usr/lib/ruby/vendor_ruby",
 "/usr/lib/ruby/1.9.1",
 "/usr/lib/ruby/1.9.1/x86_64-linux",
 "."]

I, [12-26-38-360#22537]  INFO -- : --------------------


I, [12-26-38-360#22537]  INFO -- : ** Invoke create (first_time)
I, [12-26-38-360#22537]  INFO -- : ** Invoke create:default (first_time)
I, [12-26-38-360#22537]  INFO -- : ** Invoke .gitignore (first_time)
I, [12-26-38-360#22537]  INFO -- : ** Execute .gitignore
I, [12-26-42-770#22537]  INFO -- : ** Invoke .git/hooks/post-commit (first_time)
I, [12-26-42-770#22537]  INFO -- : ** Execute .git/hooks/post-commit
I, [12-26-42-787#22537]  INFO -- : Applying erubis template: [/home/stg/ExpositionGit/tools/diSimplexLaTeX/cookbook/recipes/create/templates/git/hooks/post-commit.erb]
to produce: [.git/hooks/post-commit]
I, [12-26-42-802#22537]  INFO -- : ** Invoke .git/hooks/post-checkout (first_time)
I, [12-26-42-802#22537]  INFO -- : ** Execute .git/hooks/post-checkout
I, [12-26-42-802#22537]  INFO -- : Applying erubis template: [/home/stg/ExpositionGit/tools/diSimplexLaTeX/cookbook/recipes/create/templates/git/hooks/post-checkout.erb]
to produce: [.git/hooks/post-checkout]
I, [12-26-42-803#22537]  INFO -- : ** Invoke .git/hooks/post-merge (first_time)
I, [12-26-42-803#22537]  INFO -- : ** Execute .git/hooks/post-merge
I, [12-26-42-803#22537]  INFO -- : Applying erubis template: [/home/stg/ExpositionGit/tools/diSimplexLaTeX/cookbook/recipes/create/templates/git/hooks/post-merge.erb]
to produce: [.git/hooks/post-merge]
I, [12-26-42-803#22537]  INFO -- : ** Invoke .git/hooks/latex-git-log (first_time)
I, [12-26-42-803#22537]  INFO -- : ** Execute .git/hooks/latex-git-log
I, [12-26-42-803#22537]  INFO -- : Applying erubis template: [/home/stg/ExpositionGit/tools/diSimplexLaTeX/cookbook/recipes/create/templates/git/hooks/latex-git-log.erb]
to produce: [.git/hooks/latex-git-log]
I, [12-26-42-804#22537]  INFO -- : ** Invoke .gitignore.d/git-gitignore (first_time)
I, [12-26-42-804#22537]  INFO -- : ** Execute .gitignore.d/git-gitignore
I, [12-26-42-804#22537]  INFO -- : Applying erubis template: [/home/stg/ExpositionGit/tools/diSimplexLaTeX/cookbook/recipes/create/templates/gitignore.d/git-gitignore.erb]
to produce: [.gitignore.d/git-gitignore]
I, [12-26-42-805#22537]  INFO -- : ** Invoke .gitignore.d/java-gitignore (first_time)
I, [12-26-42-805#22537]  INFO -- : ** Execute .gitignore.d/java-gitignore
I, [12-26-42-805#22537]  INFO -- : Applying erubis template: [/home/stg/ExpositionGit/tools/diSimplexLaTeX/cookbook/recipes/create/templates/gitignore.d/java-gitignore.erb]
to produce: [.gitignore.d/java-gitignore]
I, [12-26-42-805#22537]  INFO -- : ** Invoke .gitignore.d/latex-gitignore (first_time)
I, [12-26-42-805#22537]  INFO -- : ** Execute .gitignore.d/latex-gitignore
I, [12-26-42-805#22537]  INFO -- : Applying erubis template: [/home/stg/ExpositionGit/tools/diSimplexLaTeX/cookbook/recipes/create/templates/gitignore.d/latex-gitignore.erb]
to produce: [.gitignore.d/latex-gitignore]
I, [12-26-42-806#22537]  INFO -- : ** Invoke .gitignore.d/scala-gitignore (first_time)
I, [12-26-42-806#22537]  INFO -- : ** Execute .gitignore.d/scala-gitignore
I, [12-26-42-806#22537]  INFO -- : Applying erubis template: [/home/stg/ExpositionGit/tools/diSimplexLaTeX/cookbook/recipes/create/templates/gitignore.d/scala-gitignore.erb]
to produce: [.gitignore.d/scala-gitignore]
I, [12-26-42-806#22537]  INFO -- : ** Invoke .gitignore.d/font-gitignore (first_time)
I, [12-26-42-806#22537]  INFO -- : ** Execute .gitignore.d/font-gitignore
I, [12-26-42-806#22537]  INFO -- : Applying erubis template: [/home/stg/ExpositionGit/tools/diSimplexLaTeX/cookbook/recipes/create/templates/gitignore.d/font-gitignore.erb]
to produce: [.gitignore.d/font-gitignore]
I, [12-26-42-806#22537]  INFO -- : ** Invoke tex/frontMatter.tex (first_time)
I, [12-26-42-806#22537]  INFO -- : ** Execute tex/frontMatter.tex
I, [12-26-42-807#22537]  INFO -- : Applying erubis template: [/home/stg/ExpositionGit/tools/diSimplexLaTeX/cookbook/recipes/create/templates/tex/frontMatter.tex.erb]
to produce: [tex/frontMatter.tex]
I, [12-26-42-807#22537]  INFO -- : ** Invoke tex/options.tex (first_time)
I, [12-26-42-807#22537]  INFO -- : ** Execute tex/options.tex
I, [12-26-42-808#22537]  INFO -- : Applying erubis template: [/home/stg/ExpositionGit/tools/diSimplexLaTeX/cookbook/recipes/create/templates/tex/options.tex.erb]
to produce: [tex/options.tex]
I, [12-26-42-808#22537]  INFO -- : ** Invoke tex/cardinals.tex (first_time)
I, [12-26-42-808#22537]  INFO -- : ** Execute tex/cardinals.tex
I, [12-26-42-808#22537]  INFO -- : Applying erubis template: [/home/stg/ExpositionGit/tools/diSimplexLaTeX/cookbook/recipes/create/templates/tex/document.tex.erb]
to produce: [tex/cardinals.tex]
I, [12-26-42-809#22537]  INFO -- : ** Execute create:default
I, [12-26-42-809#22537]  INFO -- : ** Execute create
